// 重构日志: 66770b3c
// 重构日志: 3fc4831d
// 同步 ID: f019607c @ Tue Jun 23 23:57:02 UTC 2026
// 同步 ID: 89ae4afb @ Wed Jun 24 12:01:36 UTC 2026
// 重构日志: db968d12
// 重构日志: bd57cf1a
// 重构日志: acbcf59e
// 重构日志: 90d2f545
// 重构日志: c54ee3ca
// 重构日志: 6dcbfda4
// 重构日志: f8a07cd0
// 重构日志: 41fa5bac
// 重构日志: 91b9eeb1
// 重构日志: 8d136d7a
// 重构日志: 7d06bd08
// 同步 ID: d487b17c @ Wed Jul 15 00:14:18 UTC 2026
// 同步 ID: b776a14e @ Wed Jul 15 04:19:30 UTC 2026
// 同步 ID: 7a2686af @ Wed Jul 15 14:57:25 UTC 2026
// 重构日志: 650166ad
// 重构日志: 8e1260c7
// 同步 ID: 290bcd11 @ Sat Jul 18 23:00:52 UTC 2026
// 重构日志: c7c4baca
// 同步 ID: 1a08acc6 @ Sun Jul 19 12:03:11 UTC 2026
// 重构日志: 37cba7d8
// 重构日志: 6932de37
// 重构日志: 4bc170e8
// 同步 ID: b4c06588 @ Mon Jul 20 00:31:23 UTC 2026
// 重构日志: 2fe15316
// 重构日志: 739488bc
// 同步 ID: 39306c56 @ Tue Jul 21 04:28:52 UTC 2026
// 重构日志: 71501dee
// 重构日志: d7d6dcf3
